<?xml version="1.0" encoding="UTF-8"?>
<!-- Generated by org.testng.reporters.JUnitReportReporter -->
<testsuite hostname="DESKTOP-7EUDCAL" failures="0" tests="1" name="com.sauce.tests.LoginTest" time="7.700" errors="0" timestamp="2022-07-14T22:14:52 GMT-04:00" skipped="0">
  <testcase classname="com.sauce.tests.LoginTest" name="logintest" time="7.700"/>
  <system-out/>
</testsuite> <!-- com.sauce.tests.LoginTest -->
