<?xml version="1.0" encoding="UTF-8"?>
<!-- Generated by org.testng.reporters.JUnitReportReporter -->
<testsuite hostname="DESKTOP-7EUDCAL" failures="0" tests="2" name="Sauce_Test" time="9.873" errors="0" timestamp="2022-07-14T22:00:58 GMT-04:00" skipped="0">
  <testcase classname="Sauce_Test" name="logintest" time="5.702"/>
  <system-out/>
  <testcase classname="Sauce_Test" name="AddToCart" time="4.171"/>
  <system-out/>
</testsuite> <!-- Sauce_Test -->
