<?xml version="1.0" encoding="UTF-8"?>
<!-- Generated by org.testng.reporters.JUnitReportReporter -->
<testsuite hostname="DESKTOP-7EUDCAL" failures="0" tests="3" name="Annotations_Ex" time="0.013" errors="0" timestamp="2022-07-14T21:43:50 GMT-04:00" skipped="0">
  <testcase classname="Annotations_Ex" name="t2" time="0.001"/>
  <system-out/>
  <testcase classname="Annotations_Ex" name="t3" time="0.003"/>
  <system-out/>
  <testcase classname="Annotations_Ex" name="t1" time="0.009"/>
  <system-out/>
</testsuite> <!-- Annotations_Ex -->
