<?xml version="1.0" encoding="UTF-8"?>
<!-- Generated by org.testng.reporters.JUnitReportReporter -->
<testsuite hostname="DESKTOP-7EUDCAL" failures="0" tests="4" name="TestCase2" time="0.023" errors="0" timestamp="2022-07-14T21:28:34 GMT-04:00" skipped="0">
  <testcase classname="TestCase2" name="m3" time="0.002"/>
  <system-out/>
  <testcase classname="TestCase2" name="m4" time="0.001"/>
  <system-out/>
  <testcase classname="TestCase2" name="m1" time="0.019"/>
  <system-out/>
  <testcase classname="TestCase2" name="m2" time="0.001"/>
  <system-out/>
</testsuite> <!-- TestCase2 -->
