<?xml version="1.0" encoding="UTF-8"?>
<!-- Generated by org.testng.reporters.JUnitReportReporter -->
<testsuite hostname="DESKTOP-7EUDCAL" failures="0" tests="2" name="TestCase1" time="0.012" errors="0" timestamp="2022-07-14T21:21:38 GMT-04:00" skipped="0">
  <testcase classname="TestCase1" name="method1" time="0.010"/>
  <system-out/>
  <testcase classname="TestCase1" name="method2" time="0.002"/>
  <system-out/>
</testsuite> <!-- TestCase1 -->
